Using pre-set license
Built from '2021.3/staging' branch; Version is '2021.3.18f1 (3129e69bc0c7) revision 3221990'; Using compiler version '192829333'; Build Type 'Release'
OS: 'Windows 11  (10.0.22621) 64bit CoreSingleLanguage' Language: 'en' Physical Memory: 16228 MB
BatchMode: 1, IsHumanControllingUs: 0, StartBugReporterOnCrash: 0, Is64bit: 1, IsPro: 1

COMMAND LINE ARGUMENTS:
C:\Program Files\Unity\Hub\Editor\2021.3.18f1\Editor\Unity.exe
-adb2
-batchMode
-noUpm
-name
AssetImportWorker0
-projectPath
D:/Project/Unity_Tutorial_Game/Rock Page Scissor
-logFile
Logs/AssetImportWorker0.log
-srvPort
58823
Successfully changed project path to: D:/Project/Unity_Tutorial_Game/Rock Page Scissor
D:/Project/Unity_Tutorial_Game/Rock Page Scissor
[UnityMemory] Configuration Parameters - Can be set up in boot.config
    "memorysetup-bucket-allocator-granularity=16"
    "memorysetup-bucket-allocator-bucket-count=8"
    "memorysetup-bucket-allocator-block-size=33554432"
    "memorysetup-bucket-allocator-block-count=8"
    "memorysetup-main-allocator-block-size=16777216"
    "memorysetup-thread-allocator-block-size=16777216"
    "memorysetup-gfx-main-allocator-block-size=16777216"
    "memorysetup-gfx-thread-allocator-block-size=16777216"
    "memorysetup-cache-allocator-block-size=4194304"
    "memorysetup-typetree-allocator-block-size=2097152"
    "memorysetup-profiler-bucket-allocator-granularity=16"
    "memorysetup-profiler-bucket-allocator-bucket-count=8"
    "memorysetup-profiler-bucket-allocator-block-size=33554432"
    "memorysetup-profiler-bucket-allocator-block-count=8"
    "memorysetup-profiler-allocator-block-size=16777216"
    "memorysetup-profiler-editor-allocator-block-size=1048576"
    "memorysetup-temp-allocator-size-main=16777216"
    "memorysetup-job-temp-allocator-block-size=2097152"
    "memorysetup-job-temp-allocator-block-size-background=1048576"
    "memorysetup-job-temp-allocator-reduction-small-platforms=262144"
    "memorysetup-temp-allocator-size-background-worker=32768"
    "memorysetup-temp-allocator-size-job-worker=262144"
    "memorysetup-temp-allocator-size-preload-manager=33554432"
    "memorysetup-temp-allocator-size-nav-mesh-worker=65536"
    "memorysetup-temp-allocator-size-audio-worker=65536"
    "memorysetup-temp-allocator-size-cloud-worker=32768"
    "memorysetup-temp-allocator-size-gi-baking-worker=262144"
    "memorysetup-temp-allocator-size-gfx=262144"
Player connection [15592] Host "[IP] 10.0.231.118 [Port] 0 [Flags] 2 [Guid] 1808460360 [EditorId] 1808460360 [Version] 1048832 [Id] WindowsEditor(7,DESKTOP-TLHGITD) [Debug] 1 [PackageName] WindowsEditor [ProjectName] Editor" joined multi-casting on [225.0.0.222:54997]...

Player connection [15592] Host "[IP] 10.0.231.118 [Port] 0 [Flags] 2 [Guid] 1808460360 [EditorId] 1808460360 [Version] 1048832 [Id] WindowsEditor(7,DESKTOP-TLHGITD) [Debug] 1 [PackageName] WindowsEditor [ProjectName] Editor" joined alternative multi-casting on [225.0.0.222:34997]...

Refreshing native plugins compatible for Editor in 90.75 ms, found 4 plugins.
Preloading 0 native plugins for Editor in 0.00 ms.
Initialize engine version: 2021.3.18f1 (3129e69bc0c7)
[Subsystems] Discovering subsystems at path C:/Program Files/Unity/Hub/Editor/2021.3.18f1/Editor/Data/Resources/UnitySubsystems
[Subsystems] Discovering subsystems at path D:/Project/Unity_Tutorial_Game/Rock Page Scissor/Assets
GfxDevice: creating device client; threaded=0; jobified=0
Direct3D:
    Version:  Direct3D 11.0 [level 11.1]
    Renderer: NVIDIA GeForce GTX 1650 with Max-Q Design (ID=0x1f99)
    Vendor:   NVIDIA
    VRAM:     3962 MB
    Driver:   27.21.14.6221
Initialize mono
Mono path[0] = 'C:/Program Files/Unity/Hub/Editor/2021.3.18f1/Editor/Data/Managed'
Mono path[1] = 'C:/Program Files/Unity/Hub/Editor/2021.3.18f1/Editor/Data/MonoBleedingEdge/lib/mono/unityjit-win32'
Mono config path = 'C:/Program Files/Unity/Hub/Editor/2021.3.18f1/Editor/Data/MonoBleedingEdge/etc'
Using monoOptions --debugger-agent=transport=dt_socket,embedding=1,server=y,suspend=n,address=127.0.0.1:56828
Begin MonoManager ReloadAssembly
Registering precompiled unity dll's ...
Register platform support module: C:/Program Files/Unity/Hub/Editor/2021.3.18f1/Editor/Data/PlaybackEngines/WebGLSupport/UnityEditor.WebGL.Extensions.dll
Register platform support module: C:/Program Files/Unity/Hub/Editor/2021.3.18f1/Editor/Data/PlaybackEngines/AndroidPlayer/UnityEditor.Android.Extensions.dll
Register platform support module: C:/Program Files/Unity/Hub/Editor/2021.3.18f1/Editor/Data/PlaybackEngines/WindowsStandaloneSupport/UnityEditor.WindowsStandalone.Extensions.dll
Registered in 0.004721 seconds.
Native extension for WindowsStandalone target not found
Native extension for Android target not found
Android Extension - Scanning For ADB Devices 262 ms
Native extension for WebGL target not found
Refreshing native plugins compatible for Editor in 95.59 ms, found 4 plugins.
Preloading 0 native plugins for Editor in 0.00 ms.
Mono: successfully reloaded assembly
- Completed reload, in  0.994 seconds
Domain Reload Profiling:
	ReloadAssembly (994ms)
		BeginReloadAssembly (84ms)
			ExecutionOrderSort (0ms)
			DisableScriptedObjects (0ms)
			BackupInstance (0ms)
			ReleaseScriptingObjects (0ms)
			CreateAndSetChildDomain (1ms)
		EndReloadAssembly (770ms)
			LoadAssemblies (83ms)
			RebuildTransferFunctionScriptingTraits (0ms)
			SetupTypeCache (120ms)
			ReleaseScriptCaches (0ms)
			RebuildScriptCaches (31ms)
			SetupLoadedEditorAssemblies (567ms)
				LogAssemblyErrors (0ms)
				InitializePlatformSupportModulesInManaged (332ms)
				SetLoadedEditorAssemblies (0ms)
				RefreshPlugins (96ms)
				BeforeProcessingInitializeOnLoad (1ms)
				ProcessInitializeOnLoadAttributes (94ms)
				ProcessInitializeOnLoadMethodAttributes (43ms)
				AfterProcessingInitializeOnLoad (0ms)
				EditorAssembliesLoaded (0ms)
			ExecutionOrderSort2 (0ms)
			AwakeInstancesAfterBackupRestoration (0ms)
Platform modules already initialized, skipping
Registering precompiled user dll's ...
Registered in 0.003631 seconds.
Begin MonoManager ReloadAssembly
Symbol file LoadedFromMemory doesn't match image D:\Project\Unity_Tutorial_Game\Rock Page Scissor\Library\PackageCache\com.unity.visualscripting@1.8.0\Editor\VisualScripting.Core\Dependencies\YamlDotNet\Unity.VisualScripting.YamlDotNet.dll
Symbol file LoadedFromMemory doesn't match image D:\Project\Unity_Tutorial_Game\Rock Page Scissor\Library\PackageCache\com.unity.visualscripting@1.8.0\Editor\VisualScripting.Core\Dependencies\DotNetZip\Unity.VisualScripting.IonicZip.dll
Native extension for WindowsStandalone target not found
Native extension for Android target not found
Native extension for WebGL target not found
Refreshing native plugins compatible for Editor in 112.26 ms, found 4 plugins.
Preloading 0 native plugins for Editor in 0.00 ms.
Mono: successfully reloaded assembly
- Completed reload, in  1.367 seconds
Domain Reload Profiling:
	ReloadAssembly (1368ms)
		BeginReloadAssembly (111ms)
			ExecutionOrderSort (0ms)
			DisableScriptedObjects (6ms)
			BackupInstance (0ms)
			ReleaseScriptingObjects (0ms)
			CreateAndSetChildDomain (19ms)
		EndReloadAssembly (1119ms)
			LoadAssemblies (74ms)
			RebuildTransferFunctionScriptingTraits (0ms)
			SetupTypeCache (354ms)
			ReleaseScriptCaches (1ms)
			RebuildScriptCaches (68ms)
			SetupLoadedEditorAssemblies (562ms)
				LogAssemblyErrors (0ms)
				InitializePlatformSupportModulesInManaged (19ms)
				SetLoadedEditorAssemblies (0ms)
				RefreshPlugins (112ms)
				BeforeProcessingInitializeOnLoad (112ms)
				ProcessInitializeOnLoadAttributes (275ms)
				ProcessInitializeOnLoadMethodAttributes (39ms)
				AfterProcessingInitializeOnLoad (5ms)
				EditorAssembliesLoaded (0ms)
			ExecutionOrderSort2 (0ms)
			AwakeInstancesAfterBackupRestoration (6ms)
Platform modules already initialized, skipping
========================================================================
Worker process is ready to serve import requests
Launched and connected shader compiler UnityShaderCompiler.exe after 0.04 seconds
Refreshing native plugins compatible for Editor in 0.64 ms, found 4 plugins.
Preloading 0 native plugins for Editor in 0.00 ms.
Unloading 3733 Unused Serialized files (Serialized files now loaded: 0)
Unloading 41 unused Assets / (228.9 KB). Loaded Objects now: 4188.
Memory consumption went from 142.5 MB to 142.3 MB.
Total: 4.129700 ms (FindLiveObjects: 0.301300 ms CreateObjectMapping: 0.236300 ms MarkObjects: 3.421400 ms  DeleteObjects: 0.169600 ms)

AssetImportParameters requested are different than current active one (requested -> active):
  custom:video-decoder-ogg-theora: a1e56fd34408186e4bbccfd4996cb3dc -> 
  custom:container-muxer-webm: aa71ff27fc2769a1b78a27578f13a17b -> 
  custom:container-demuxer-webm: 4f35f7cbe854078d1ac9338744f61a02 -> 
  custom:video-encoder-webm-vp8: eb34c28f22e8b96e1ab97ce403110664 -> 
  custom:video-codec-MediaFoundation-h265: 746d11721c4dcdbdad8f713fa42b33f4 -> 
  custom:audio-encoder-webm-vorbis: bf7c407c2cedff20999df2af8eb42d56 -> 
  custom:framework-win-MediaFoundation: 216162199b28c13a410421893ffa2e32 -> 
  custom:container-demuxer-ogg: 62fdf1f143b41e24485cea50d1cbac27 -> 
  custom:video-decoder-webm-vp8: 9c59270c3fd7afecdb556c50c9e8de78 -> 
  custom:audio-decoder-ogg-vorbis: bf7c407c2cedff20999df2af8eb42d56 -> 
========================================================================
Received Import Request.
  Time since last request: 17620.204256 seconds.
  path: Assets
  artifactKey: Guid(00000000000000001000000000000000) Importer(815301076,1909f56bfc062723c751e8b465ee728b)
Start importing Assets using Guid(00000000000000001000000000000000) Importer(815301076,1909f56bfc062723c751e8b465ee728b)  -> (artifact id: '79842766b460edbeab6a34051e857a80') in 0.011014 seconds 
========================================================================
Received Import Request.
  Time since last request: 5.916490 seconds.
  path: Assets/Sprites
  artifactKey: Guid(77fb4629efd65c142a98533b16e352b7) Importer(815301076,1909f56bfc062723c751e8b465ee728b)
Start importing Assets/Sprites using Guid(77fb4629efd65c142a98533b16e352b7) Importer(815301076,1909f56bfc062723c751e8b465ee728b)  -> (artifact id: 'ee65d68e9ceb1cbd7b06c6ab59863250') in 0.007090 seconds 
========================================================================
Received Import Request.
  Time since last request: 63.009513 seconds.
  path: Assets/Sprites/Background-02.png
  artifactKey: Guid(5fc686c2189e13943aa80c641bebdac2) Importer(815301076,1909f56bfc062723c751e8b465ee728b)
Start importing Assets/Sprites/Background-02.png using Guid(5fc686c2189e13943aa80c641bebdac2) Importer(815301076,1909f56bfc062723c751e8b465ee728b)  -> (artifact id: '834e1ac394ccbea518dc15aeb47da276') in 0.173761 seconds 
========================================================================
Received Import Request.
  Time since last request: 0.000028 seconds.
  path: Assets/Sprites/Hand-Paper.png
  artifactKey: Guid(901b121695e16e84f9f83aa9348d90b4) Importer(815301076,1909f56bfc062723c751e8b465ee728b)
Start importing Assets/Sprites/Hand-Paper.png using Guid(901b121695e16e84f9f83aa9348d90b4) Importer(815301076,1909f56bfc062723c751e8b465ee728b)  -> (artifact id: '40031fa3489945a108d2c9a6f0655c98') in 0.046407 seconds 
========================================================================
Received Import Request.
  Time since last request: 0.000035 seconds.
  path: Assets/Sprites/Font Texture.png
  artifactKey: Guid(163807f6f02b3f648ba40d60b3e1382f) Importer(815301076,1909f56bfc062723c751e8b465ee728b)
Start importing Assets/Sprites/Font Texture.png using Guid(163807f6f02b3f648ba40d60b3e1382f) Importer(815301076,1909f56bfc062723c751e8b465ee728b)  -> (artifact id: '72edcc6ae18ad7482974a2d8b9d72b29') in 0.040665 seconds 
========================================================================
Received Import Request.
  Time since last request: 0.000023 seconds.
  path: Assets/Sprites/finishBg.png
  artifactKey: Guid(34c094bd40c6d274bbc722722f737d62) Importer(815301076,1909f56bfc062723c751e8b465ee728b)
Start importing Assets/Sprites/finishBg.png using Guid(34c094bd40c6d274bbc722722f737d62) Importer(815301076,1909f56bfc062723c751e8b465ee728b)  -> (artifact id: 'f382c955be8641ab6d52230144786a8d') in 0.026539 seconds 
========================================================================
Received Import Request.
  Time since last request: 0.000020 seconds.
  path: Assets/Sprites/Btn-1-Paper.png
  artifactKey: Guid(dd010c1fd85cfc04fa31203823f5b7c1) Importer(815301076,1909f56bfc062723c751e8b465ee728b)
Start importing Assets/Sprites/Btn-1-Paper.png using Guid(dd010c1fd85cfc04fa31203823f5b7c1) Importer(815301076,1909f56bfc062723c751e8b465ee728b)  -> (artifact id: '72ef81173866845de42d141812623672') in 0.026082 seconds 
========================================================================
Received Import Request.
  Time since last request: 0.000028 seconds.
  path: Assets/Sprites/btnPlay.png
  artifactKey: Guid(49d3ef9f16fdb924881794aa5a574bf2) Importer(815301076,1909f56bfc062723c751e8b465ee728b)
Start importing Assets/Sprites/btnPlay.png using Guid(49d3ef9f16fdb924881794aa5a574bf2) Importer(815301076,1909f56bfc062723c751e8b465ee728b)  -> (artifact id: '3ee5e27e9ba10b5242c487f31d57f865') in 0.022166 seconds 
========================================================================
Received Import Request.
  Time since last request: 0.000025 seconds.
  path: Assets/Sprites/Font Texture_d1.png
  artifactKey: Guid(1b329a87f1bb1c44aa1b6985271846bb) Importer(815301076,1909f56bfc062723c751e8b465ee728b)
Start importing Assets/Sprites/Font Texture_d1.png using Guid(1b329a87f1bb1c44aa1b6985271846bb) Importer(815301076,1909f56bfc062723c751e8b465ee728b)  -> (artifact id: 'bfb51560d9b835eff94443882080cd80') in 0.046675 seconds 
========================================================================
Received Import Request.
  Time since last request: 13.815678 seconds.
  path: Assets/Musics
  artifactKey: Guid(c8614fff09cbd8442ac944c8edf85768) Importer(815301076,1909f56bfc062723c751e8b465ee728b)
Start importing Assets/Musics using Guid(c8614fff09cbd8442ac944c8edf85768) Importer(815301076,1909f56bfc062723c751e8b465ee728b)  -> (artifact id: 'bd4abeb41272592b3700f94b23f7c4e6') in 0.005157 seconds 
========================================================================
Received Import Request.
  Time since last request: 5.827138 seconds.
  path: Assets/Sounds
  artifactKey: Guid(9eecb8a9f25d4484ca6575e5fbd49f02) Importer(815301076,1909f56bfc062723c751e8b465ee728b)
Start importing Assets/Sounds using Guid(9eecb8a9f25d4484ca6575e5fbd49f02) Importer(815301076,1909f56bfc062723c751e8b465ee728b)  -> (artifact id: '9747dae46ad48d9655848149191bb363') in 0.005572 seconds 
========================================================================
Received Import Request.
  Time since last request: 15.392146 seconds.
  path: Assets/Prefabs
  artifactKey: Guid(2b09290259054b342a241ef4095af246) Importer(815301076,1909f56bfc062723c751e8b465ee728b)
Start importing Assets/Prefabs using Guid(2b09290259054b342a241ef4095af246) Importer(815301076,1909f56bfc062723c751e8b465ee728b)  -> (artifact id: '59ef6190249a39caf1cda2781860076a') in 0.005615 seconds 
========================================================================
Received Import Request.
  Time since last request: 11.413717 seconds.
  path: Assets/Scripts
  artifactKey: Guid(1fe748e87fff5344e8b989c39a3e39b6) Importer(815301076,1909f56bfc062723c751e8b465ee728b)
Start importing Assets/Scripts using Guid(1fe748e87fff5344e8b989c39a3e39b6) Importer(815301076,1909f56bfc062723c751e8b465ee728b)  -> (artifact id: '316efc52fecdbfa2003a93edf3c9a55d') in 0.005304 seconds 
========================================================================
Received Import Request.
  Time since last request: 22.908829 seconds.
  path: Assets/VFX
  artifactKey: Guid(d7cf74e8c7414584595d4643f015578b) Importer(815301076,1909f56bfc062723c751e8b465ee728b)
Start importing Assets/VFX using Guid(d7cf74e8c7414584595d4643f015578b) Importer(815301076,1909f56bfc062723c751e8b465ee728b)  -> (artifact id: '62457e60131d8b3f5fb07d9fa2a571a6') in 0.005906 seconds 
